<?xml version="1.0" encoding="UTF-8"?>
<testsuite name="com.example.project.TipCalculatorTest" tests="3" skipped="0" failures="0" errors="0" timestamp="2024-09-26T16:23:22" hostname="codespaces-2fc422" time="0.189">
  <properties/>
  <testcase name="testCalculateTip2()" classname="com.example.project.TipCalculatorTest" time="0.132"/>
  <testcase name="testCalculateTip3()" classname="com.example.project.TipCalculatorTest" time="0.014"/>
  <testcase name="testCalculateTip()" classname="com.example.project.TipCalculatorTest" time="0.016"/>
  <system-out><![CDATA[]]></system-out>
  <system-err><![CDATA[]]></system-err>
</testsuite>
